<?xml version="1.0" encoding="UTF-8"?>
<!-- Generated by org.testng.reporters.JUnitXMLReporter -->
<testsuite hostname="Toqqer-Srinivask" ignored="0" name="Message send" tests="5" failures="1" timestamp="02 Dec 2019 16:38:07 GMT" time="44.836" errors="0">
  <testcase name="Browser" time="17.739" classname="fileTransfer.Message"/>
  <testcase name="link" time="3.759" classname="fileTransfer.Message"/>
  <testcase name="credentials" time="4.737" classname="fileTransfer.Message"/>
  <testcase name="send" time="18.541" classname="fileTransfer.Message"/>
  <testcase name="compose" time="0.0" classname="fileTransfer.Message">
    <failure type="org.testng.TestNGException" message="
Method compose requires 3 parameters but 2 were supplied in the @Test annotation.">
      <![CDATA[org.testng.TestNGException: 
Method compose requires 3 parameters but 2 were supplied in the @Test annotation.
... Removed 24 stack frames]]>
    </failure>
  </testcase> <!-- compose -->
</testsuite> <!-- Message send -->
